{
  "stats": {
    "suites": 1,
    "tests": 1,
    "passes": 1,
    "pending": 0,
    "failures": 0,
    "start": "2022-01-04T12:27:33.221Z",
    "end": "2022-01-04T12:27:39.131Z",
    "duration": 5910,
    "testsRegistered": 1,
    "passPercent": 100,
    "pendingPercent": 0,
    "other": 0,
    "hasOther": false,
    "skipped": 0,
    "hasSkipped": false
  },
  "results": [
    {
      "uuid": "403f5bae-149b-4f05-b5af-22c79644d504",
      "title": "",
      "fullFile": "cypress/integration/examples/fakeTest.js",
      "file": "cypress/integration/examples/fakeTest.js",
      "beforeHooks": [],
      "afterHooks": [],
      "tests": [],
      "suites": [
        {
          "uuid": "f9ff1c70-1fdd-4ffd-aba1-aec5abda5848",
          "title": "My Fake Api Test Suite",
          "fullFile": "",
          "file": "",
          "beforeHooks": [],
          "afterHooks": [],
          "tests": [
            {
              "title": "My first test case",
              "fullTitle": "My Fake Api Test Suite My first test case",
              "timedOut": null,
              "duration": 3495,
              "state": "passed",
              "speed": "fast",
              "pass": true,
              "fail": false,
              "pending": false,
              "context": null,
              "code": "cy.visit(\"https://rahulshettyacademy.com/angularAppdemo/\");\ncy.intercept({\n  method: \"GET\",\n  url: \"https://rahulshettyacademy.com/Library/GetBook.php?AuthorName=shetty\"\n}, {\n  statusCode: 200,\n  body: [{\n    book_name: \"RestAssured with Java\",\n    isbn: \"RSU\",\n    aisle: \"2301\"\n  }]\n});\ncy.get(\"button[class='btn btn-primary']\").click();",
              "err": {},
              "uuid": "626ffcc0-22e1-4e33-91d7-97a6533fd342",
              "parentUUID": "f9ff1c70-1fdd-4ffd-aba1-aec5abda5848",
              "isHook": false,
              "skipped": false
            }
          ],
          "suites": [],
          "passes": [
            "626ffcc0-22e1-4e33-91d7-97a6533fd342"
          ],
          "failures": [],
          "pending": [],
          "skipped": [],
          "duration": 3495,
          "root": false,
          "rootEmpty": false,
          "_timeout": 2000
        }
      ],
      "passes": [],
      "failures": [],
      "pending": [],
      "skipped": [],
      "duration": 0,
      "root": true,
      "rootEmpty": true,
      "_timeout": 2000
    }
  ],
  "meta": {
    "mocha": {
      "version": "7.0.1"
    },
    "mochawesome": {
      "options": {
        "quiet": false,
        "reportFilename": "mochawesome",
        "saveHtml": true,
        "saveJson": true,
        "consoleReporter": "spec",
        "useInlineDiffs": false,
        "code": true
      },
      "version": "7.0.1"
    },
    "marge": {
      "options": null,
      "version": "6.0.1"
    }
  }
}