{
  "stats": {
    "suites": 1,
    "tests": 2,
    "passes": 2,
    "pending": 0,
    "failures": 0,
    "start": "2022-01-04T11:41:58.352Z",
    "end": "2022-01-04T11:42:14.534Z",
    "duration": 16182,
    "testsRegistered": 2,
    "passPercent": 100,
    "pendingPercent": 0,
    "other": 0,
    "hasOther": false,
    "skipped": 0,
    "hasSkipped": false
  },
  "results": [
    {
      "uuid": "d584a901-ff78-4f05-8efb-b3f4fcb45295",
      "title": "",
      "fullFile": "cypress/integration/examples/BDD/ecommerce.feature",
      "file": "cypress/integration/examples/BDD/ecommerce.feature",
      "beforeHooks": [],
      "afterHooks": [],
      "tests": [],
      "suites": [
        {
          "uuid": "52dbea4e-aee8-4453-895d-f39771d3e15b",
          "title": "End to end Ecommerce validation",
          "fullFile": "",
          "file": "",
          "beforeHooks": [],
          "afterHooks": [],
          "tests": [
            {
              "title": "Ecommerce products delivery",
              "fullTitle": "End to end Ecommerce validation Ecommerce products delivery",
              "timedOut": null,
              "duration": 10131,
              "state": "passed",
              "speed": "slow",
              "pass": true,
              "fail": false,
              "pending": false,
              "context": null,
              "code": "const state = window.testState;\nreturn cy\n  .then(() => state.onStartScenario(scenario, indexedSteps))\n  .then(() =>\n    resolveAndRunBeforeHooks.call(this, scenario.tags, state.feature.name)\n  )\n  .then(() =>\n    indexedSteps.forEach((step) =>\n      stepTest.call(this, state, step, rowData)\n    )\n  )\n  .then(() => state.onFinishScenario(scenario));",
              "err": {},
              "uuid": "22aff030-c17d-41f6-a0d7-1071f40b80c5",
              "parentUUID": "52dbea4e-aee8-4453-895d-f39771d3e15b",
              "isHook": false,
              "skipped": false
            },
            {
              "title": "Filling the form to shop",
              "fullTitle": "End to end Ecommerce validation Filling the form to shop",
              "timedOut": null,
              "duration": 1985,
              "state": "passed",
              "speed": "fast",
              "pass": true,
              "fail": false,
              "pending": false,
              "context": null,
              "code": "const state = window.testState;\nreturn cy\n  .then(() => state.onStartScenario(scenario, indexedSteps))\n  .then(() =>\n    resolveAndRunBeforeHooks.call(this, scenario.tags, state.feature.name)\n  )\n  .then(() =>\n    indexedSteps.forEach((step) =>\n      stepTest.call(this, state, step, rowData)\n    )\n  )\n  .then(() => state.onFinishScenario(scenario));",
              "err": {},
              "uuid": "15961b62-d029-451d-87d1-b37128c1e7ca",
              "parentUUID": "52dbea4e-aee8-4453-895d-f39771d3e15b",
              "isHook": false,
              "skipped": false
            }
          ],
          "suites": [],
          "passes": [
            "22aff030-c17d-41f6-a0d7-1071f40b80c5",
            "15961b62-d029-451d-87d1-b37128c1e7ca"
          ],
          "failures": [],
          "pending": [],
          "skipped": [],
          "duration": 12116,
          "root": false,
          "rootEmpty": false,
          "_timeout": 2000
        }
      ],
      "passes": [],
      "failures": [],
      "pending": [],
      "skipped": [],
      "duration": 0,
      "root": true,
      "rootEmpty": true,
      "_timeout": 2000
    }
  ],
  "meta": {
    "mocha": {
      "version": "7.0.1"
    },
    "mochawesome": {
      "options": {
        "quiet": false,
        "reportFilename": "mochawesome",
        "saveHtml": true,
        "saveJson": true,
        "consoleReporter": "spec",
        "useInlineDiffs": false,
        "code": true
      },
      "version": "7.0.1"
    },
    "marge": {
      "options": null,
      "version": "6.0.1"
    }
  }
}