{
  "stats": {
    "suites": 1,
    "tests": 1,
    "passes": 0,
    "pending": 0,
    "failures": 1,
    "start": "2022-01-03T14:23:38.934Z",
    "end": "2022-01-03T14:24:20.823Z",
    "duration": 41889,
    "testsRegistered": 1,
    "passPercent": 0,
    "pendingPercent": 0,
    "other": 0,
    "hasOther": false,
    "skipped": 0,
    "hasSkipped": false
  },
  "results": [
    {
      "uuid": "9260583d-8bfe-4825-88cc-67f15f3cce39",
      "title": "",
      "fullFile": "cypress/integration/multipleTestCases/Test2.js",
      "file": "cypress/integration/multipleTestCases/Test2.js",
      "beforeHooks": [],
      "afterHooks": [],
      "tests": [],
      "suites": [
        {
          "uuid": "a84163f3-2d94-4523-91fc-155637895d32",
          "title": "My Second Test Suite",
          "fullFile": "",
          "file": "",
          "beforeHooks": [],
          "afterHooks": [],
          "tests": [
            {
              "title": "My Second Test case",
              "fullTitle": "My Second Test Suite My Second Test case",
              "timedOut": null,
              "duration": 12644,
              "state": "failed",
              "speed": null,
              "pass": false,
              "fail": true,
              "pending": false,
              "context": null,
              "code": "cy.visit(\"https://rahulshettyacademy.com/seleniumPractise/#/\");\ncy.get('.search-keyword').type(\"ca\");\ncy.wait(2000);\ncy.get(\".products\").as(\"productLocator\"); // with as we can resolve the promise\ncy.get('@productLocator').find('.product').each(($el, index, $list) => {\n  const textVeg = $el.find('h4.product-name').text();\n  if (textVeg.includes('Cashews')) {\n    cy.wrap($el).find('button').click();\n  }\n});\ncy.get('.cart-icon > im').click();\ncy.contains('PROCEED TO CHECKOUT').click();\ncy.contains('Place Order').click();",
              "err": {
                "message": "AssertionError: Timed out retrying after 8000ms: Expected to find element: `.cart-icon > im`, but never found it.",
                "estack": "AssertionError: Timed out retrying after 8000ms: Expected to find element: `.cart-icon > im`, but never found it.\n    at Context.eval (https://rahulshettyacademy.com/__cypress/tests?p=cypress/integration/multipleTestCases/Test2.js:114:8)",
                "diff": null
              },
              "uuid": "1f704ed0-f1f6-4297-81b8-e82863390888",
              "parentUUID": "a84163f3-2d94-4523-91fc-155637895d32",
              "isHook": false,
              "skipped": false
            }
          ],
          "suites": [],
          "passes": [],
          "failures": [
            "1f704ed0-f1f6-4297-81b8-e82863390888"
          ],
          "pending": [],
          "skipped": [],
          "duration": 12644,
          "root": false,
          "rootEmpty": false,
          "_timeout": 2000
        }
      ],
      "passes": [],
      "failures": [],
      "pending": [],
      "skipped": [],
      "duration": 0,
      "root": true,
      "rootEmpty": true,
      "_timeout": 2000
    }
  ],
  "meta": {
    "mocha": {
      "version": "7.0.1"
    },
    "mochawesome": {
      "options": {
        "quiet": false,
        "reportFilename": "mochawesome",
        "saveHtml": true,
        "saveJson": true,
        "consoleReporter": "spec",
        "useInlineDiffs": false,
        "code": true
      },
      "version": "7.0.1"
    },
    "marge": {
      "options": null,
      "version": "6.0.1"
    }
  }
}